0 info it worked if it ends with ok
1 verbose cli [ '/Users/ohall1/.nvm/versions/node/v4.2.2/bin/node',
1 verbose cli   '/Users/ohall1/.nvm/versions/node/v4.2.2/bin/npm',
1 verbose cli   'i' ]
2 info using npm@2.14.7
3 info using node@v4.2.2
4 verbose readDependencies loading dependencies from /Users/ohall1/Documents/projects/react-example/package.json
5 verbose install where, deps [ '/Users/ohall1/Documents/projects/react-example',
5 verbose install   [ 'react',
5 verbose install     'react-dom',
5 verbose install     'react-pong',
5 verbose install     'babel-core',
5 verbose install     'babel-loader',
5 verbose install     'babel-preset-es2015',
5 verbose install     'babel-preset-react',
5 verbose install     'webpack' ] ]
6 verbose install where, peers [ '/Users/ohall1/Documents/projects/react-example', [] ]
7 verbose installManyTop reading for lifecycle /Users/ohall1/Documents/projects/react-example/package.json
8 info preinstall react-example@1.0.0
9 verbose readDependencies loading dependencies from /Users/ohall1/Documents/projects/react-example/package.json
10 silly cache add args [ 'react-pong@^1.1.1', null ]
11 verbose cache add spec react-pong@^1.1.1
12 silly cache add parsed spec Result {
12 silly cache add   raw: 'react-pong@^1.1.1',
12 silly cache add   scope: null,
12 silly cache add   name: 'react-pong',
12 silly cache add   rawSpec: '^1.1.1',
12 silly cache add   spec: '>=1.1.1 <2.0.0',
12 silly cache add   type: 'range' }
13 silly addNamed react-pong@>=1.1.1 <2.0.0
14 verbose addNamed ">=1.1.1 <2.0.0" is a valid semver range for react-pong
15 silly addNameRange { name: 'react-pong', range: '>=1.1.1 <2.0.0', hasData: false }
16 silly mapToRegistry name react-pong
17 silly mapToRegistry using default registry
18 silly mapToRegistry registry https://npme.walmart.com/
19 silly mapToRegistry uri https://npme.walmart.com/react-pong
20 verbose addNameRange registry:https://npme.walmart.com/react-pong not in flight; fetching
21 silly cache add args [ 'babel-core@^6.4.0', null ]
22 verbose cache add spec babel-core@^6.4.0
23 silly cache add parsed spec Result {
23 silly cache add   raw: 'babel-core@^6.4.0',
23 silly cache add   scope: null,
23 silly cache add   name: 'babel-core',
23 silly cache add   rawSpec: '^6.4.0',
23 silly cache add   spec: '>=6.4.0 <7.0.0',
23 silly cache add   type: 'range' }
24 silly addNamed babel-core@>=6.4.0 <7.0.0
25 verbose addNamed ">=6.4.0 <7.0.0" is a valid semver range for babel-core
26 silly addNameRange { name: 'babel-core', range: '>=6.4.0 <7.0.0', hasData: false }
27 silly mapToRegistry name babel-core
28 silly mapToRegistry using default registry
29 silly mapToRegistry registry https://npme.walmart.com/
30 silly mapToRegistry uri https://npme.walmart.com/babel-core
31 verbose addNameRange registry:https://npme.walmart.com/babel-core not in flight; fetching
32 silly cache add args [ 'babel-loader@^6.2.1', null ]
33 verbose cache add spec babel-loader@^6.2.1
34 silly cache add parsed spec Result {
34 silly cache add   raw: 'babel-loader@^6.2.1',
34 silly cache add   scope: null,
34 silly cache add   name: 'babel-loader',
34 silly cache add   rawSpec: '^6.2.1',
34 silly cache add   spec: '>=6.2.1 <7.0.0',
34 silly cache add   type: 'range' }
35 silly addNamed babel-loader@>=6.2.1 <7.0.0
36 verbose addNamed ">=6.2.1 <7.0.0" is a valid semver range for babel-loader
37 silly addNameRange { name: 'babel-loader', range: '>=6.2.1 <7.0.0', hasData: false }
38 silly mapToRegistry name babel-loader
39 silly mapToRegistry using default registry
40 silly mapToRegistry registry https://npme.walmart.com/
41 silly mapToRegistry uri https://npme.walmart.com/babel-loader
42 verbose addNameRange registry:https://npme.walmart.com/babel-loader not in flight; fetching
43 silly cache add args [ 'babel-preset-es2015@^6.3.13', null ]
44 verbose cache add spec babel-preset-es2015@^6.3.13
45 silly cache add parsed spec Result {
45 silly cache add   raw: 'babel-preset-es2015@^6.3.13',
45 silly cache add   scope: null,
45 silly cache add   name: 'babel-preset-es2015',
45 silly cache add   rawSpec: '^6.3.13',
45 silly cache add   spec: '>=6.3.13 <7.0.0',
45 silly cache add   type: 'range' }
46 silly addNamed babel-preset-es2015@>=6.3.13 <7.0.0
47 verbose addNamed ">=6.3.13 <7.0.0" is a valid semver range for babel-preset-es2015
48 silly addNameRange { name: 'babel-preset-es2015',
48 silly addNameRange   range: '>=6.3.13 <7.0.0',
48 silly addNameRange   hasData: false }
49 silly mapToRegistry name babel-preset-es2015
50 silly mapToRegistry using default registry
51 silly mapToRegistry registry https://npme.walmart.com/
52 silly mapToRegistry uri https://npme.walmart.com/babel-preset-es2015
53 verbose addNameRange registry:https://npme.walmart.com/babel-preset-es2015 not in flight; fetching
54 silly cache add args [ 'babel-preset-react@^6.3.13', null ]
55 verbose cache add spec babel-preset-react@^6.3.13
56 silly cache add parsed spec Result {
56 silly cache add   raw: 'babel-preset-react@^6.3.13',
56 silly cache add   scope: null,
56 silly cache add   name: 'babel-preset-react',
56 silly cache add   rawSpec: '^6.3.13',
56 silly cache add   spec: '>=6.3.13 <7.0.0',
56 silly cache add   type: 'range' }
57 silly addNamed babel-preset-react@>=6.3.13 <7.0.0
58 verbose addNamed ">=6.3.13 <7.0.0" is a valid semver range for babel-preset-react
59 silly addNameRange { name: 'babel-preset-react',
59 silly addNameRange   range: '>=6.3.13 <7.0.0',
59 silly addNameRange   hasData: false }
60 silly mapToRegistry name babel-preset-react
61 silly mapToRegistry using default registry
62 silly mapToRegistry registry https://npme.walmart.com/
63 silly mapToRegistry uri https://npme.walmart.com/babel-preset-react
64 verbose addNameRange registry:https://npme.walmart.com/babel-preset-react not in flight; fetching
65 silly cache add args [ 'webpack@^1.12.11', null ]
66 verbose cache add spec webpack@^1.12.11
67 silly cache add parsed spec Result {
67 silly cache add   raw: 'webpack@^1.12.11',
67 silly cache add   scope: null,
67 silly cache add   name: 'webpack',
67 silly cache add   rawSpec: '^1.12.11',
67 silly cache add   spec: '>=1.12.11 <2.0.0',
67 silly cache add   type: 'range' }
68 silly addNamed webpack@>=1.12.11 <2.0.0
69 verbose addNamed ">=1.12.11 <2.0.0" is a valid semver range for webpack
70 silly addNameRange { name: 'webpack', range: '>=1.12.11 <2.0.0', hasData: false }
71 silly mapToRegistry name webpack
72 silly mapToRegistry using default registry
73 silly mapToRegistry registry https://npme.walmart.com/
74 silly mapToRegistry uri https://npme.walmart.com/webpack
75 verbose addNameRange registry:https://npme.walmart.com/webpack not in flight; fetching
76 silly cache add args [ 'react@^0.14.6', null ]
77 verbose cache add spec react@^0.14.6
78 silly cache add parsed spec Result {
78 silly cache add   raw: 'react@^0.14.6',
78 silly cache add   scope: null,
78 silly cache add   name: 'react',
78 silly cache add   rawSpec: '^0.14.6',
78 silly cache add   spec: '>=0.14.6 <0.15.0',
78 silly cache add   type: 'range' }
79 silly addNamed react@>=0.14.6 <0.15.0
80 verbose addNamed ">=0.14.6 <0.15.0" is a valid semver range for react
81 silly addNameRange { name: 'react', range: '>=0.14.6 <0.15.0', hasData: false }
82 silly mapToRegistry name react
83 silly mapToRegistry using default registry
84 silly mapToRegistry registry https://npme.walmart.com/
85 silly mapToRegistry uri https://npme.walmart.com/react
86 verbose addNameRange registry:https://npme.walmart.com/react not in flight; fetching
87 silly cache add args [ 'react-dom@^0.14.6', null ]
88 verbose cache add spec react-dom@^0.14.6
89 silly cache add parsed spec Result {
89 silly cache add   raw: 'react-dom@^0.14.6',
89 silly cache add   scope: null,
89 silly cache add   name: 'react-dom',
89 silly cache add   rawSpec: '^0.14.6',
89 silly cache add   spec: '>=0.14.6 <0.15.0',
89 silly cache add   type: 'range' }
90 silly addNamed react-dom@>=0.14.6 <0.15.0
91 verbose addNamed ">=0.14.6 <0.15.0" is a valid semver range for react-dom
92 silly addNameRange { name: 'react-dom', range: '>=0.14.6 <0.15.0', hasData: false }
93 silly mapToRegistry name react-dom
94 silly mapToRegistry using default registry
95 silly mapToRegistry registry https://npme.walmart.com/
96 silly mapToRegistry uri https://npme.walmart.com/react-dom
97 verbose addNameRange registry:https://npme.walmart.com/react-dom not in flight; fetching
98 verbose request uri https://npme.walmart.com/babel-core
99 verbose request no auth needed
100 info attempt registry request try #1 at 7:39:37 AM
101 verbose request using bearer token for auth
102 verbose request id c5e581fd3c1b87a2
103 verbose etag "HGAQYF0NBDLKD3PIZG3Y9UBB"
104 http request GET https://npme.walmart.com/babel-core
105 verbose request uri https://npme.walmart.com/babel-loader
106 verbose request no auth needed
107 info attempt registry request try #1 at 7:39:37 AM
108 verbose request using bearer token for auth
109 verbose etag "2884ZGG7XBOH6WY7B1CQYLL89"
110 http request GET https://npme.walmart.com/babel-loader
111 verbose request uri https://npme.walmart.com/babel-preset-es2015
112 verbose request no auth needed
113 info attempt registry request try #1 at 7:39:37 AM
114 verbose request using bearer token for auth
115 verbose etag "D3007AWV9PSIQK0WP5J1TXWFM"
116 http request GET https://npme.walmart.com/babel-preset-es2015
117 verbose request uri https://npme.walmart.com/react-dom
118 verbose request no auth needed
119 info attempt registry request try #1 at 7:39:37 AM
120 verbose request using bearer token for auth
121 verbose etag "37V38PLJQKW0D6MU3SA8D38CW"
122 http request GET https://npme.walmart.com/react-dom
123 verbose request uri https://npme.walmart.com/babel-preset-react
124 verbose request no auth needed
125 info attempt registry request try #1 at 7:39:37 AM
126 verbose request using bearer token for auth
127 verbose etag "12EIQ9MR2DFIOW0VM8G3NGJ1H"
128 http request GET https://npme.walmart.com/babel-preset-react
129 verbose request uri https://npme.walmart.com/react
130 verbose request no auth needed
131 info attempt registry request try #1 at 7:39:37 AM
132 verbose request using bearer token for auth
133 verbose etag "E4AZBKB4JFJHN4AFRU69U6NBN"
134 http request GET https://npme.walmart.com/react
135 verbose request uri https://npme.walmart.com/react-pong
136 verbose request no auth needed
137 info attempt registry request try #1 at 7:39:37 AM
138 verbose request using bearer token for auth
139 verbose etag "N45TP0AORE35PCFZTQZ0O6MT"
140 http request GET https://npme.walmart.com/react-pong
141 verbose request uri https://npme.walmart.com/webpack
142 verbose request no auth needed
143 info attempt registry request try #1 at 7:39:37 AM
144 verbose request using bearer token for auth
145 verbose etag "VUOMY8ET2NG7E1YVPO5V4XJO"
146 http request GET https://npme.walmart.com/webpack
147 http 304 https://npme.walmart.com/react-pong
148 verbose headers { server: 'CouchDB/1.6.0 (Erlang OTP/R14B04)',
148 verbose headers   etag: '"N45TP0AORE35PCFZTQZ0O6MT"',
148 verbose headers   date: 'Mon, 18 Jan 2016 15:39:16 GMT',
148 verbose headers   connection: 'keep-alive' }
149 silly get cb [ 304,
149 silly get   { server: 'CouchDB/1.6.0 (Erlang OTP/R14B04)',
149 silly get     etag: '"N45TP0AORE35PCFZTQZ0O6MT"',
149 silly get     date: 'Mon, 18 Jan 2016 15:39:16 GMT',
149 silly get     connection: 'keep-alive' } ]
150 verbose etag https://npme.walmart.com/react-pong from cache
151 verbose get saving react-pong to /Users/ohall1/.npm/npme.walmart.com/react-pong/.cache.json
152 http 304 https://npme.walmart.com/webpack
153 verbose headers { server: 'CouchDB/1.6.0 (Erlang OTP/R14B04)',
153 verbose headers   etag: '"VUOMY8ET2NG7E1YVPO5V4XJO"',
153 verbose headers   date: 'Mon, 18 Jan 2016 15:39:16 GMT',
153 verbose headers   connection: 'keep-alive' }
154 silly get cb [ 304,
154 silly get   { server: 'CouchDB/1.6.0 (Erlang OTP/R14B04)',
154 silly get     etag: '"VUOMY8ET2NG7E1YVPO5V4XJO"',
154 silly get     date: 'Mon, 18 Jan 2016 15:39:16 GMT',
154 silly get     connection: 'keep-alive' } ]
155 verbose etag https://npme.walmart.com/webpack from cache
156 verbose get saving webpack to /Users/ohall1/.npm/npme.walmart.com/webpack/.cache.json
157 http 304 https://npme.walmart.com/babel-core
158 verbose headers { server: 'CouchDB/1.6.0 (Erlang OTP/R14B04)',
158 verbose headers   etag: '"HGAQYF0NBDLKD3PIZG3Y9UBB"',
158 verbose headers   date: 'Mon, 18 Jan 2016 15:39:16 GMT',
158 verbose headers   connection: 'keep-alive' }
159 silly get cb [ 304,
159 silly get   { server: 'CouchDB/1.6.0 (Erlang OTP/R14B04)',
159 silly get     etag: '"HGAQYF0NBDLKD3PIZG3Y9UBB"',
159 silly get     date: 'Mon, 18 Jan 2016 15:39:16 GMT',
159 silly get     connection: 'keep-alive' } ]
160 verbose etag https://npme.walmart.com/babel-core from cache
161 verbose get saving babel-core to /Users/ohall1/.npm/npme.walmart.com/babel-core/.cache.json
162 silly addNameRange number 2 { name: 'react-pong', range: '>=1.1.1 <2.0.0', hasData: true }
163 silly addNameRange versions [ 'react-pong',
163 silly addNameRange   [ '0.0.1', '0.0.2', '0.0.3', '0.0.4', '0.0.5', '1.0.0' ] ]
164 http 304 https://npme.walmart.com/react
165 verbose headers { server: 'CouchDB/1.6.0 (Erlang OTP/R14B04)',
165 verbose headers   etag: '"E4AZBKB4JFJHN4AFRU69U6NBN"',
165 verbose headers   date: 'Mon, 18 Jan 2016 15:39:16 GMT',
165 verbose headers   connection: 'keep-alive' }
166 silly get cb [ 304,
166 silly get   { server: 'CouchDB/1.6.0 (Erlang OTP/R14B04)',
166 silly get     etag: '"E4AZBKB4JFJHN4AFRU69U6NBN"',
166 silly get     date: 'Mon, 18 Jan 2016 15:39:16 GMT',
166 silly get     connection: 'keep-alive' } ]
167 verbose etag https://npme.walmart.com/react from cache
168 verbose get saving react to /Users/ohall1/.npm/npme.walmart.com/react/.cache.json
169 silly addNameRange number 2 { name: 'webpack', range: '>=1.12.11 <2.0.0', hasData: true }
170 silly addNameRange versions [ 'webpack',
170 silly addNameRange   [ '0.1.0',
170 silly addNameRange     '0.1.1',
170 silly addNameRange     '0.1.2',
170 silly addNameRange     '0.1.3',
170 silly addNameRange     '0.1.4',
170 silly addNameRange     '0.1.5',
170 silly addNameRange     '0.1.6',
170 silly addNameRange     '0.2.0',
170 silly addNameRange     '0.2.1',
170 silly addNameRange     '0.2.2',
170 silly addNameRange     '0.2.3',
170 silly addNameRange     '0.2.4',
170 silly addNameRange     '0.2.6',
170 silly addNameRange     '0.2.7',
170 silly addNameRange     '0.2.8',
170 silly addNameRange     '0.3.0',
170 silly addNameRange     '0.3.1',
170 silly addNameRange     '0.3.2',
170 silly addNameRange     '0.3.3',
170 silly addNameRange     '0.3.4',
170 silly addNameRange     '0.3.6',
170 silly addNameRange     '0.3.7',
170 silly addNameRange     '0.3.8',
170 silly addNameRange     '0.3.9',
170 silly addNameRange     '0.3.10',
170 silly addNameRange     '0.3.11',
170 silly addNameRange     '0.3.12',
170 silly addNameRange     '0.3.13',
170 silly addNameRange     '0.3.14',
170 silly addNameRange     '0.3.15',
170 silly addNameRange     '0.3.16',
170 silly addNameRange     '0.3.17',
170 silly addNameRange     '0.3.18',
170 silly addNameRange     '0.3.19',
170 silly addNameRange     '0.3.20',
170 silly addNameRange     '0.4.0',
170 silly addNameRange     '0.4.1',
170 silly addNameRange     '0.4.2',
170 silly addNameRange     '0.4.3',
170 silly addNameRange     '0.4.4',
170 silly addNameRange     '0.4.5',
170 silly addNameRange     '0.4.6',
170 silly addNameRange     '0.4.7',
170 silly addNameRange     '0.4.8',
170 silly addNameRange     '0.4.9',
170 silly addNameRange     '0.4.10',
170 silly addNameRange     '0.4.11',
170 silly addNameRange     '0.4.12',
170 silly addNameRange     '0.4.13',
170 silly addNameRange     '0.4.14',
170 silly addNameRange     '0.4.15',
170 silly addNameRange     '0.4.16',
170 silly addNameRange     '0.4.17',
170 silly addNameRange     '0.4.18',
170 silly addNameRange     '0.4.19',
170 silly addNameRange     '0.4.20',
170 silly addNameRange     '0.4.21',
170 silly addNameRange     '0.4.23',
170 silly addNameRange     '0.4.24',
170 silly addNameRange     '0.4.25',
170 silly addNameRange     '0.5.0',
170 silly addNameRange     '0.5.1',
170 silly addNameRange     '0.5.2',
170 silly addNameRange     '0.5.3',
170 silly addNameRange     '0.5.4',
170 silly addNameRange     '0.5.5',
170 silly addNameRange     '0.5.6',
170 silly addNameRange     '0.5.7',
170 silly addNameRange     '0.5.8',
170 silly addNameRange     '0.5.10',
170 silly addNameRange     '0.6.0',
170 silly addNameRange     '0.6.1',
170 silly addNameRange     '0.6.2',
170 silly addNameRange     '0.7.0-beta',
170 silly addNameRange     '0.7.0-beta2',
170 silly addNameRange     '0.7.0-beta3',
170 silly addNameRange     '0.7.0-beta4',
170 silly addNameRange     '0.7.0-beta5',
170 silly addNameRange     '0.7.0-beta6',
170 silly addNameRange     '0.7.0-beta7',
170 silly addNameRange     '0.7.0-beta8',
170 silly addNameRange     '0.7.0',
170 silly addNameRange     '0.7.1',
170 silly addNameRange     '0.7.2',
170 silly addNameRange     '0.7.3',
170 silly addNameRange     '0.7.4',
170 silly addNameRange     '0.7.5',
170 silly addNameRange     '0.7.6',
170 silly addNameRange     '0.7.7',
170 silly addNameRange     '0.7.8',
170 silly addNameRange     '0.7.9',
170 silly addNameRange     '0.7.11',
170 silly addNameRange     '0.7.12',
170 silly addNameRange     '0.7.13',
170 silly addNameRange     '0.7.14',
170 silly addNameRange     '0.7.15',
170 silly addNameRange     '0.7.16',
170 silly addNameRange     '0.7.17',
170 silly addNameRange     '0.8.0-beta1',
170 silly addNameRange     '0.8.0-beta2',
170 silly addNameRange     '0.8.0-beta3',
170 silly addNameRange     '0.8.0-beta4',
170 silly addNameRange     '0.8.0',
170 silly addNameRange     '0.8.2',
170 silly addNameRange     '0.8.3',
170 silly addNameRange     '0.9.0-beta1',
170 silly addNameRange     '0.9.0-beta2',
170 silly addNameRange     '0.9.0-beta4',
170 silly addNameRange     '0.9.0-beta5',
170 silly addNameRange     '0.9.0-beta6',
170 silly addNameRange     '0.9.0-beta7',
170 silly addNameRange     '0.9.0-beta8',
170 silly addNameRange     '0.9.0-beta9',
170 silly addNameRange     '0.9.0-beta10',
170 silly addNameRange     '0.9.0-beta11',
170 silly addNameRange     '0.9.0-beta12',
170 silly addNameRange     '0.9.0-beta13',
170 silly addNameRange     '0.9.0-beta14',
170 silly addNameRange     '0.9.0-beta15',
170 silly addNameRange     '0.9.0-beta16',
170 silly addNameRange     '0.9.0-beta17',
170 silly addNameRange     '0.9.0-beta18',
170 silly addNameRange     '0.9.0-beta19',
170 silly addNameRange     '0.9.0-beta20',
170 silly addNameRange     '0.9.0-beta21',
170 silly addNameRange     '0.9.0-beta22',
170 silly addNameRange     '0.9.0-beta23',
170 silly addNameRange     '0.9.0-beta24',
170 silly addNameRange     '0.9.0-beta25',
170 silly addNameRange     '0.9.0-beta26',
170 silly addNameRange     '0.9.0-beta27',
170 silly addNameRange     '0.9.0-beta28',
170 silly addNameRange     '0.9.0-beta29',
170 silly addNameRange     '0.9.0-beta30',
170 silly addNameRange     '0.9.0-beta31',
170 silly addNameRange     '0.9.0-beta32',
170 silly addNameRange     '0.9.0-beta33',
170 silly addNameRange     '0.9.0-beta34',
170 silly addNameRange     '0.9.0-beta35',
170 silly addNameRange     '0.9.0-beta36',
170 silly addNameRange     '0.9.0-beta37',
170 silly addNameRange     '0.9.0-beta38',
170 silly addNameRange     '0.9.0',
170 silly addNameRange     '0.9.1',
170 silly addNameRange     '0.9.2',
170 silly addNameRange     '0.9.3',
170 silly addNameRange     '0.10.0-beta2',
170 silly addNameRange     '0.10.0-beta3',
170 silly addNameRange     '0.10.0-beta5',
170 silly addNameRange     '0.10.0-beta6',
170 silly addNameRange     '0.10.0-beta7',
170 silly addNameRange     '0.10.0-beta8',
170 silly addNameRange     '0.10.0-beta9',
170 silly addNameRange     '0.10.0-beta10',
170 silly addNameRange     '0.10.0-beta11',
170 silly addNameRange     '0.10.0-beta12',
170 silly addNameRange     '0.10.0-beta13',
170 silly addNameRange     '0.10.0-beta14',
170 silly addNameRange     '0.10.0-beta15',
170 silly addNameRange     '0.10.0-beta16',
170 silly addNameRange     '0.10.0-beta17',
170 silly addNameRange     '0.10.0-beta18',
170 silly addNameRange     '0.10.0-beta19',
170 silly addNameRange     '0.10.0-beta20',
170 silly addNameRange     '0.10.0-beta21',
170 silly addNameRange     '0.10.0-beta22',
170 silly addNameRange     '0.10.0-beta23',
170 silly addNameRange     '0.10.0-beta24',
170 silly addNameRange     '0.10.0-beta25',
170 silly addNameRange     '0.10.0',
170 silly addNameRange     '0.11.0-beta1',
170 silly addNameRange     '0.11.0-beta2',
170 silly addNameRange     '0.11.0-beta3',
170 silly addNameRange     '0.11.0-beta4',
170 silly addNameRange     '0.11.0-beta5',
170 silly addNameRange     '0.11.0-beta6',
170 silly addNameRange     '0.11.0-beta7',
170 silly addNameRange     '0.11.0-beta8',
170 silly addNameRange     '0.11.0-beta9',
170 silly addNameRange     '0.11.0-beta10',
170 silly addNameRange     '0.11.0-beta11',
170 silly addNameRange     '0.11.0-beta12',
170 silly addNameRange     '0.11.0-beta13',
170 silly addNameRange     '0.11.0-beta14',
170 silly addNameRange     '0.11.0-beta15',
170 silly addNameRange     '0.11.0-beta16',
170 silly addNameRange     '0.11.0-beta17',
170 silly addNameRange     '0.11.0-beta18',
170 silly addNameRange     '0.11.0-beta19',
170 silly addNameRange     '0.11.0-beta20',
170 silly addNameRange     '0.11.0-beta21',
170 silly addNameRange     '0.11.0-beta22',
170 silly addNameRange     '0.11.0-beta23',
170 silly addNameRange     '0.11.0-beta24',
170 silly addNameRange     '0.11.0-beta25',
170 silly addNameRange     '0.11.0-beta26',
170 silly addNameRange     '0.11.0-beta27',
170 silly addNameRange     '0.11.0-beta28',
170 silly addNameRange     '0.11.0-beta29',
170 silly addNameRange     '0.11.0',
170 silly addNameRange     '0.11.1',
170 silly addNameRange     '0.11.2',
170 silly addNameRange     '0.11.3',
170 silly addNameRange     '0.11.4',
170 silly addNameRange     '0.11.5',
170 silly addNameRange     '0.11.6',
170 silly addNameRange     '0.11.7',
170 silly addNameRange     '0.11.8',
170 silly addNameRange     '0.11.9',
170 silly addNameRange     '0.11.10',
170 silly addNameRange     '0.11.11',
170 silly addNameRange     '0.11.12',
170 silly addNameRange     '0.11.13',
170 silly addNameRange     '0.11.14',
170 silly addNameRange     '0.11.15',
170 silly addNameRange     '1.0.0-beta1',
170 silly addNameRange     '1.0.0-beta2',
170 silly addNameRange     '1.0.0-beta3',
170 silly addNameRange     '1.0.0-beta4',
170 silly addNameRange     '0.11.16',
170 silly addNameRange     '0.11.17',
170 silly addNameRange     '0.11.18',
170 silly addNameRange     '1.0.0-beta5',
170 silly addNameRange     '1.0.0-beta6',
170 silly addNameRange     '1.0.0-beta7',
170 silly addNameRange     '1.0.0-beta8',
170 silly addNameRange     '1.0.0-beta9',
170 silly addNameRange     '1.0.0-rc1',
170 silly addNameRange     '1.0.0-rc2',
170 silly addNameRange     '1.0.0-rc3',
170 silly addNameRange     '1.0.0-rc4',
170 silly addNameRange     '1.0.0-rc5',
170 silly addNameRange     '1.0.0-rc7',
170 silly addNameRange     '1.0.0-rc8',
170 silly addNameRange     '1.0.0-rc9',
170 silly addNameRange     '1.0.0-rc11',
170 silly addNameRange     '1.0.0-rc12',
170 silly addNameRange     '1.0.0',
170 silly addNameRange     '1.0.1',
170 silly addNameRange     '1.0.3',
170 silly addNameRange     '1.0.4',
170 silly addNameRange     '1.0.5',
170 silly addNameRange     '1.1.0-beta1',
170 silly addNameRange     '1.1.0-beta2',
170 silly addNameRange     '1.1.0-beta3',
170 silly addNameRange     '1.1.0-beta4',
170 silly addNameRange     '1.1.0-beta5',
170 silly addNameRange     '1.1.0-beta6',
170 silly addNameRange     '1.1.0-beta7',
170 silly addNameRange     '1.1.0-beta8',
170 silly addNameRange     '1.1.0-beta9',
170 silly addNameRange     '1.1.0-beta10',
170 silly addNameRange     '1.1.0-beta12',
170 silly addNameRange     '1.1.0',
170 silly addNameRange     '1.1.1',
170 silly addNameRange     '1.1.2',
170 silly addNameRange     '1.1.3',
170 silly addNameRange     '1.1.4',
170 silly addNameRange     '1.1.5',
170 silly addNameRange     '1.1.6',
170 silly addNameRange     '1.1.7',
170 silly addNameRange     '1.1.8',
170 silly addNameRange     '1.1.9',
170 silly addNameRange     '1.1.10',
170 silly addNameRange     '1.1.11',
170 silly addNameRange     '1.2.0-beta1',
170 silly addNameRange     '1.2.0-beta2',
170 silly addNameRange     '1.2.0-beta4',
170 silly addNameRange     '1.2.0-beta5',
170 silly addNameRange     '1.2.0-beta6',
170 silly addNameRange     '1.3.0-beta1',
170 silly addNameRange     '1.3.0-beta2',
170 silly addNameRange     '1.3.0-beta3',
170 silly addNameRange     '1.3.0-beta4',
170 silly addNameRange     '1.3.0-beta5',
170 silly addNameRange     '1.3.0-beta6',
170 silly addNameRange     '1.3.0-beta7',
170 silly addNameRange     '1.3.0-beta8',
170 silly addNameRange     '1.3.0-beta9',
170 silly addNameRange     '1.3.1-beta1',
170 silly addNameRange     '1.3.1-beta2',
170 silly addNameRange     '1.3.1-beta3',
170 silly addNameRange     '1.3.1-beta4',
170 silly addNameRange     '1.3.1-beta5',
170 silly addNameRange     '1.3.1-beta6',
170 silly addNameRange     '1.3.1-beta7',
170 silly addNameRange     '1.3.1-beta8',
170 silly addNameRange     '1.3.1-beta9',
170 silly addNameRange     '1.3.2-beta1',
170 silly addNameRange     '1.3.2-beta2',
170 silly addNameRange     '1.3.2-beta3',
170 silly addNameRange     '1.3.2-beta4',
170 silly addNameRange     '1.3.2-beta5',
170 silly addNameRange     '1.3.2-beta6',
170 silly addNameRange     '1.3.2-beta7',
170 silly addNameRange     '1.3.2-beta8',
170 silly addNameRange     '1.3.2-beta9',
170 silly addNameRange     '1.3.3-beta1',
170 silly addNameRange     '1.3.3-beta2',
170 silly addNameRange     '1.3.4',
170 silly addNameRange     '1.3.5',
170 silly addNameRange     '1.3.6',
170 silly addNameRange     '1.3.7',
170 silly addNameRange     '1.4.0-beta1',
170 silly addNameRange     '1.4.0-beta2',
170 silly addNameRange     '1.4.0-beta3',
170 silly addNameRange     '1.4.0-beta4',
170 silly addNameRange     '1.4.0-beta5',
170 silly addNameRange     '1.4.0-beta6',
170 silly addNameRange     '1.4.0-beta7',
170 silly addNameRange     '1.4.0-beta8',
170 silly addNameRange     '1.4.0-beta9',
170 silly addNameRange     '1.4.0-beta10',
170 silly addNameRange     '1.4.1-beta1',
170 silly addNameRange     '1.4.2',
170 silly addNameRange     '1.4.3',
170 silly addNameRange     '1.4.4',
170 silly addNameRange     '1.4.5',
170 silly addNameRange     '1.4.6',
170 silly addNameRange     '1.4.7',
170 silly addNameRange     '1.4.8',
170 silly addNameRange     '1.4.9',
170 silly addNameRange     '1.4.10',
170 silly addNameRange     '1.4.11',
170 silly addNameRange     '1.4.12',
170 silly addNameRange     '1.4.13',
170 silly addNameRange     '1.4.14',
170 silly addNameRange     '1.4.15',
170 silly addNameRange     '1.5.0',
170 silly addNameRange     '1.5.1',
170 silly addNameRange     '1.5.2',
170 silly addNameRange     '1.5.3',
170 silly addNameRange     '1.6.0',
170 silly addNameRange     '1.7.0',
170 silly addNameRange     '1.7.1',
170 silly addNameRange     '1.7.2',
170 silly addNameRange     '1.7.3',
170 silly addNameRange     '1.8.0',
170 silly addNameRange     '1.8.1',
170 silly addNameRange     '1.8.2',
170 silly addNameRange     '1.8.3',
170 silly addNameRange     '1.8.4',
170 silly addNameRange     '1.8.5',
170 silly addNameRange     '1.8.6',
170 silly addNameRange     '1.8.7',
170 silly addNameRange     '1.8.8',
170 silly addNameRange     '1.8.9',
170 silly addNameRange     '1.8.10',
170 silly addNameRange     '1.8.11',
170 silly addNameRange     '1.9.0',
170 silly addNameRange     '1.9.1',
170 silly addNameRange     '1.9.2',
170 silly addNameRange     '1.9.3',
170 silly addNameRange     '1.9.4',
170 silly addNameRange     '1.9.5',
170 silly addNameRange     '1.9.6',
170 silly addNameRange     '1.9.7',
170 silly addNameRange     '1.9.8',
170 silly addNameRange     '1.9.9',
170 silly addNameRange     '1.9.10',
170 silly addNameRange     '1.9.11',
170 silly addNameRange     '1.9.12',
170 silly addNameRange     '1.9.13',
170 silly addNameRange     '1.10.0',
170 silly addNameRange     '1.10.1',
170 silly addNameRange     '1.10.2',
170 silly addNameRange     '1.10.3',
170 silly addNameRange     '1.10.4',
170 silly addNameRange     '1.10.5',
170 silly addNameRange     '1.11.0',
170 silly addNameRange     '1.12.0',
170 silly addNameRange     '1.12.1',
170 silly addNameRange     '1.12.2',
170 silly addNameRange     '2.0.0-beta',
170 silly addNameRange     '1.12.3',
170 silly addNameRange     '1.12.4',
170 silly addNameRange     '1.12.5',
170 silly addNameRange     '1.12.6',
170 silly addNameRange     '1.12.7',
170 silly addNameRange     '1.12.8',
170 silly addNameRange     '1.12.9',
170 silly addNameRange     '2.0.1-beta',
170 silly addNameRange     '2.0.2-beta',
170 silly addNameRange     '1.12.10',
170 silly addNameRange     '1.12.11' ] ]
171 silly addNamed webpack@1.12.11
172 verbose addNamed "1.12.11" is a plain semver version for webpack
173 silly addNameRange number 2 { name: 'babel-core', range: '>=6.4.0 <7.0.0', hasData: true }
174 silly addNameRange versions [ 'babel-core',
174 silly addNameRange   [ '4.0.1',
174 silly addNameRange     '4.0.2',
174 silly addNameRange     '4.1.1',
174 silly addNameRange     '4.2.0',
174 silly addNameRange     '4.2.1',
174 silly addNameRange     '4.3.0',
174 silly addNameRange     '4.4.1',
174 silly addNameRange     '4.4.2',
174 silly addNameRange     '4.4.3',
174 silly addNameRange     '4.4.4',
174 silly addNameRange     '4.4.5',
174 silly addNameRange     '4.4.6',
174 silly addNameRange     '4.5.0',
174 silly addNameRange     '4.5.1',
174 silly addNameRange     '4.5.2',
174 silly addNameRange     '4.5.3',
174 silly addNameRange     '4.5.4',
174 silly addNameRange     '4.5.5',
174 silly addNameRange     '4.6.0',
174 silly addNameRange     '4.6.1',
174 silly addNameRange     '4.6.3',
174 silly addNameRange     '4.6.4',
174 silly addNameRange     '4.6.5',
174 silly addNameRange     '4.6.6',
174 silly addNameRange     '4.7.0',
174 silly addNameRange     '4.7.1',
174 silly addNameRange     '4.7.2',
174 silly addNameRange     '4.7.3',
174 silly addNameRange     '4.7.4',
174 silly addNameRange     '4.7.5',
174 silly addNameRange     '4.7.6',
174 silly addNameRange     '4.7.7',
174 silly addNameRange     '4.7.8',
174 silly addNameRange     '4.7.9',
174 silly addNameRange     '4.7.10',
174 silly addNameRange     '4.7.11',
174 silly addNameRange     '4.7.12',
174 silly addNameRange     '4.7.13',
174 silly addNameRange     '4.7.14',
174 silly addNameRange     '4.7.15',
174 silly addNameRange     '4.7.16',
174 silly addNameRange     '5.0.0-beta2',
174 silly addNameRange     '5.0.0-beta3',
174 silly addNameRange     '5.0.0-beta4',
174 silly addNameRange     '5.0.0',
174 silly addNameRange     '5.0.1',
174 silly addNameRange     '5.0.2',
174 silly addNameRange     '5.0.3',
174 silly addNameRange     '5.0.4',
174 silly addNameRange     '5.0.5',
174 silly addNameRange     '5.0.6',
174 silly addNameRange     '5.0.7',
174 silly addNameRange     '5.0.8',
174 silly addNameRange     '5.0.9',
174 silly addNameRange     '5.0.10',
174 silly addNameRange     '5.0.11',
174 silly addNameRange     '5.0.12',
174 silly addNameRange     '5.0.13',
174 silly addNameRange     '5.1.0',
174 silly addNameRange     '5.1.1',
174 silly addNameRange     '5.1.2',
174 silly addNameRange     '5.1.3',
174 silly addNameRange     '5.1.4',
174 silly addNameRange     '5.1.5',
174 silly addNameRange     '5.1.6',
174 silly addNameRange     '5.1.7',
174 silly addNameRange     '5.1.8',
174 silly addNameRange     '5.1.9',
174 silly addNameRange     '5.1.10',
174 silly addNameRange     '5.1.11',
174 silly addNameRange     '5.1.12',
174 silly addNameRange     '5.1.13',
174 silly addNameRange     '5.2.0',
174 silly addNameRange     '5.2.1',
174 silly addNameRange     '5.2.2',
174 silly addNameRange     '5.2.3',
174 silly addNameRange     '5.2.4',
174 silly addNameRange     '5.2.5',
174 silly addNameRange     '5.2.6',
174 silly addNameRange     '5.2.7',
174 silly addNameRange     '5.2.9',
174 silly addNameRange     '5.2.10',
174 silly addNameRange     '5.2.11',
174 silly addNameRange     '5.2.12',
174 silly addNameRange     '5.2.13',
174 silly addNameRange     '5.2.14',
174 silly addNameRange     '5.2.15',
174 silly addNameRange     '5.2.16',
174 silly addNameRange     '5.2.17',
174 silly addNameRange     '5.3.0',
174 silly addNameRange     '5.3.1',
174 silly addNameRange     '5.3.2',
174 silly addNameRange     '5.3.3',
174 silly addNameRange     '5.4.0',
174 silly addNameRange     '5.4.1',
174 silly addNameRange     '5.4.2',
174 silly addNameRange     '5.4.3',
174 silly addNameRange     '5.4.4',
174 silly addNameRange     '5.4.5',
174 silly addNameRange     '5.4.6',
174 silly addNameRange     '5.4.7',
174 silly addNameRange     '5.5.0',
174 silly addNameRange     '5.5.1',
174 silly addNameRange     '5.5.2',
174 silly addNameRange     '5.5.3',
174 silly addNameRange     '5.5.4',
174 silly addNameRange     '5.5.5',
174 silly addNameRange     '5.5.6',
174 silly addNameRange     '5.5.7',
174 silly addNameRange     '5.5.8',
174 silly addNameRange     '5.6.1',
174 silly addNameRange     '5.6.2',
174 silly addNameRange     '5.6.3',
174 silly addNameRange     '5.6.4',
174 silly addNameRange     '5.6.5',
174 silly addNameRange     '5.6.6',
174 silly addNameRange     '5.6.7',
174 silly addNameRange     '5.6.10',
174 silly addNameRange     '5.6.11',
174 silly addNameRange     '5.6.12',
174 silly addNameRange     '5.6.14',
174 silly addNameRange     '5.6.15',
174 silly addNameRange     '5.6.16',
174 silly addNameRange     '5.6.18',
174 silly addNameRange     '5.6.19',
174 silly addNameRange     '5.6.20',
174 silly addNameRange     '5.7.0',
174 silly addNameRange     '5.7.1',
174 silly addNameRange     '5.7.2',
174 silly addNameRange     '5.7.3',
174 silly addNameRange     '5.7.4',
174 silly addNameRange     '5.8.1',
174 silly addNameRange     '5.8.2',
174 silly addNameRange     '5.8.3',
174 silly addNameRange     '5.8.5',
174 silly addNameRange     '5.8.6',
174 silly addNameRange     '5.8.8',
174 silly addNameRange     '5.8.9',
174 silly addNameRange     '5.8.12',
174 silly addNameRange     '5.8.14',
174 silly addNameRange     '5.8.19',
174 silly addNameRange     '5.8.20',
174 silly addNameRange     '5.8.21',
174 silly addNameRange     '5.8.22',
174 silly addNameRange     '5.8.23',
174 silly addNameRange     '5.8.24',
174 silly addNameRange     '5.8.25',
174 silly addNameRange     '5.8.29',
174 silly addNameRange     '5.8.30',
174 silly addNameRange     '5.8.31',
174 silly addNameRange     '5.8.32',
174 silly addNameRange     '5.8.33',
174 silly addNameRange     '6.0.0',
174 silly addNameRange     '6.0.1',
174 silly addNameRange     '6.0.2',
174 silly addNameRange     '6.0.12',
174 silly addNameRange     '6.0.14',
174 silly addNameRange     '6.0.15',
174 silly addNameRange     '6.0.16',
174 silly addNameRange     '6.0.17',
174 silly addNameRange     '6.0.18',
174 silly addNameRange     '6.0.19',
174 silly addNameRange     '6.0.20',
174 silly addNameRange     '6.1.2',
174 silly addNameRange     '6.1.4',
174 silly addNameRange     '5.8.34',
174 silly addNameRange     '6.1.5',
174 silly addNameRange     '6.1.6',
174 silly addNameRange     '6.1.7',
174 silly addNameRange     '6.1.8',
174 silly addNameRange     '6.1.9',
174 silly addNameRange     '6.1.10',
174 silly addNameRange     '6.1.11',
174 silly addNameRange     '6.1.12',
174 silly addNameRange     '6.1.13',
174 silly addNameRange     '6.1.14',
174 silly addNameRange     '6.1.15',
174 silly addNameRange     '6.1.16',
174 silly addNameRange     '6.1.17',
174 silly addNameRange     '6.1.18',
174 silly addNameRange     '6.1.19',
174 silly addNameRange     '6.1.20',
174 silly addNameRange     '6.1.21',
174 silly addNameRange     '6.2.0',
174 silly addNameRange     '6.2.1',
174 silly addNameRange     '6.2.4',
174 silly addNameRange     '6.3.2',
174 silly addNameRange     '6.3.13',
174 silly addNameRange     '6.3.15',
174 silly addNameRange     '6.3.17',
174 silly addNameRange     '6.3.21',
174 silly addNameRange     '6.3.26',
174 silly addNameRange     '6.4.0' ] ]
175 silly addNamed babel-core@6.4.0
176 verbose addNamed "6.4.0" is a plain semver version for babel-core
177 silly addNameRange number 2 { name: 'react', range: '>=0.14.6 <0.15.0', hasData: true }
178 silly addNameRange versions [ 'react',
178 silly addNameRange   [ '0.0.1',
178 silly addNameRange     '0.0.2',
178 silly addNameRange     '0.0.3',
178 silly addNameRange     '0.1.2',
178 silly addNameRange     '0.2.0',
178 silly addNameRange     '0.2.1',
178 silly addNameRange     '0.2.2',
178 silly addNameRange     '0.2.3',
178 silly addNameRange     '0.2.4',
178 silly addNameRange     '0.2.5',
178 silly addNameRange     '0.2.6',
178 silly addNameRange     '0.3.0',
178 silly addNameRange     '0.3.4',
178 silly addNameRange     '0.3.5',
178 silly addNameRange     '0.5.0',
178 silly addNameRange     '0.5.1',
178 silly addNameRange     '0.5.2',
178 silly addNameRange     '0.6.0',
178 silly addNameRange     '0.6.1',
178 silly addNameRange     '0.6.2',
178 silly addNameRange     '0.6.3',
178 silly addNameRange     '0.7.0',
178 silly addNameRange     '0.7.1',
178 silly addNameRange     '0.8.0',
178 silly addNameRange     '0.9.0-rc1',
178 silly addNameRange     '0.9.0',
178 silly addNameRange     '0.10.0-rc1',
178 silly addNameRange     '0.10.0',
178 silly addNameRange     '0.11.0-rc1',
178 silly addNameRange     '0.11.0',
178 silly addNameRange     '0.11.1',
178 silly addNameRange     '0.11.2',
178 silly addNameRange     '0.12.0-rc1',
178 silly addNameRange     '0.12.0',
178 silly addNameRange     '0.12.1',
178 silly addNameRange     '0.12.2',
178 silly addNameRange     '0.13.0-alpha.1',
178 silly addNameRange     '0.13.0-alpha.2',
178 silly addNameRange     '0.13.0-beta.1',
178 silly addNameRange     '0.13.0-beta.2',
178 silly addNameRange     '0.13.0-rc1',
178 silly addNameRange     '0.13.0-rc2',
178 silly addNameRange     '0.13.0',
178 silly addNameRange     '0.13.1',
178 silly addNameRange     '0.13.2',
178 silly addNameRange     '0.13.3',
178 silly addNameRange     '0.14.0-alpha1',
178 silly addNameRange     '0.14.0-alpha2',
178 silly addNameRange     '0.14.0-alpha3',
178 silly addNameRange     '0.14.0-beta1',
178 silly addNameRange     '0.14.0-beta2',
178 silly addNameRange     '0.14.0-beta3',
178 silly addNameRange     '0.14.0-rc1',
178 silly addNameRange     '0.14.0',
178 silly addNameRange     '0.14.1',
178 silly addNameRange     '0.14.2',
178 silly addNameRange     '0.14.3',
178 silly addNameRange     '0.14.4',
178 silly addNameRange     '0.14.5',
178 silly addNameRange     '0.14.6' ] ]
179 silly addNamed react@0.14.6
180 verbose addNamed "0.14.6" is a plain semver version for react
181 silly cache afterAdd babel-core@6.4.0
182 verbose afterAdd /Users/ohall1/.npm/babel-core/6.4.0/package/package.json not in flight; writing
183 silly cache afterAdd webpack@1.12.11
184 verbose afterAdd /Users/ohall1/.npm/webpack/1.12.11/package/package.json not in flight; writing
185 silly cache afterAdd react@0.14.6
186 verbose afterAdd /Users/ohall1/.npm/react/0.14.6/package/package.json not in flight; writing
187 verbose afterAdd /Users/ohall1/.npm/webpack/1.12.11/package/package.json written
188 verbose afterAdd /Users/ohall1/.npm/babel-core/6.4.0/package/package.json written
189 verbose afterAdd /Users/ohall1/.npm/react/0.14.6/package/package.json written
190 http 200 https://npme.walmart.com/babel-preset-react
191 verbose headers { vary: 'Accept',
191 verbose headers   server: 'CouchDB/1.6.0 (Erlang OTP/R14B04)',
191 verbose headers   etag: '"DM7YFOTAN67UO26SGYK1L25E5"',
191 verbose headers   date: 'Mon, 18 Jan 2016 15:39:16 GMT',
191 verbose headers   'content-type': 'application/json',
191 verbose headers   'content-length': '12812',
191 verbose headers   connection: 'keep-alive' }
192 silly get cb [ 200,
192 silly get   { vary: 'Accept',
192 silly get     server: 'CouchDB/1.6.0 (Erlang OTP/R14B04)',
192 silly get     etag: '"DM7YFOTAN67UO26SGYK1L25E5"',
192 silly get     date: 'Mon, 18 Jan 2016 15:39:16 GMT',
192 silly get     'content-type': 'application/json',
192 silly get     'content-length': '12812',
192 silly get     connection: 'keep-alive' } ]
193 verbose get saving babel-preset-react to /Users/ohall1/.npm/npme.walmart.com/babel-preset-react/.cache.json
194 silly addNameRange number 2 { name: 'babel-preset-react',
194 silly addNameRange   range: '>=6.3.13 <7.0.0',
194 silly addNameRange   hasData: true }
195 silly addNameRange versions [ 'babel-preset-react',
195 silly addNameRange   [ '6.0.2',
195 silly addNameRange     '6.0.12',
195 silly addNameRange     '6.0.14',
195 silly addNameRange     '6.0.15',
195 silly addNameRange     '6.1.2',
195 silly addNameRange     '6.1.4',
195 silly addNameRange     '6.1.17',
195 silly addNameRange     '6.1.18',
195 silly addNameRange     '6.2.4',
195 silly addNameRange     '6.3.13' ] ]
196 silly addNamed babel-preset-react@6.3.13
197 verbose addNamed "6.3.13" is a plain semver version for babel-preset-react
198 silly cache afterAdd babel-preset-react@6.3.13
199 verbose afterAdd /Users/ohall1/.npm/babel-preset-react/6.3.13/package/package.json not in flight; writing
200 verbose afterAdd /Users/ohall1/.npm/babel-preset-react/6.3.13/package/package.json written
201 http 200 https://npme.walmart.com/babel-preset-es2015
202 verbose headers { vary: 'Accept',
202 verbose headers   server: 'CouchDB/1.6.0 (Erlang OTP/R14B04)',
202 verbose headers   etag: '"ED8L42KV3B4I785QDCGTNEGS5"',
202 verbose headers   date: 'Mon, 18 Jan 2016 15:39:16 GMT',
202 verbose headers   'content-type': 'application/json',
202 verbose headers   'content-length': '25916',
202 verbose headers   connection: 'keep-alive' }
203 silly get cb [ 200,
203 silly get   { vary: 'Accept',
203 silly get     server: 'CouchDB/1.6.0 (Erlang OTP/R14B04)',
203 silly get     etag: '"ED8L42KV3B4I785QDCGTNEGS5"',
203 silly get     date: 'Mon, 18 Jan 2016 15:39:16 GMT',
203 silly get     'content-type': 'application/json',
203 silly get     'content-length': '25916',
203 silly get     connection: 'keep-alive' } ]
204 verbose get saving babel-preset-es2015 to /Users/ohall1/.npm/npme.walmart.com/babel-preset-es2015/.cache.json
205 http 200 https://npme.walmart.com/react-dom
206 verbose headers { vary: 'Accept',
206 verbose headers   server: 'CouchDB/1.6.0 (Erlang OTP/R14B04)',
206 verbose headers   etag: '"4Z5X4XESTBTT0KC0XK9ZI8I5B"',
206 verbose headers   date: 'Mon, 18 Jan 2016 15:39:16 GMT',
206 verbose headers   'content-type': 'application/json',
206 verbose headers   'content-length': '14889',
206 verbose headers   connection: 'keep-alive' }
207 silly get cb [ 200,
207 silly get   { vary: 'Accept',
207 silly get     server: 'CouchDB/1.6.0 (Erlang OTP/R14B04)',
207 silly get     etag: '"4Z5X4XESTBTT0KC0XK9ZI8I5B"',
207 silly get     date: 'Mon, 18 Jan 2016 15:39:16 GMT',
207 silly get     'content-type': 'application/json',
207 silly get     'content-length': '14889',
207 silly get     connection: 'keep-alive' } ]
208 verbose get saving react-dom to /Users/ohall1/.npm/npme.walmart.com/react-dom/.cache.json
209 silly addNameRange number 2 { name: 'react-dom', range: '>=0.14.6 <0.15.0', hasData: true }
210 silly addNameRange versions [ 'react-dom',
210 silly addNameRange   [ '0.1.0',
210 silly addNameRange     '0.14.0-beta1',
210 silly addNameRange     '0.14.0-beta2',
210 silly addNameRange     '0.14.0-beta3',
210 silly addNameRange     '0.14.0-rc1',
210 silly addNameRange     '0.14.0',
210 silly addNameRange     '0.14.1',
210 silly addNameRange     '0.14.2',
210 silly addNameRange     '0.14.3',
210 silly addNameRange     '0.14.4',
210 silly addNameRange     '0.14.5',
210 silly addNameRange     '0.14.6' ] ]
211 silly addNamed react-dom@0.14.6
212 verbose addNamed "0.14.6" is a plain semver version for react-dom
213 silly addNameRange number 2 { name: 'babel-preset-es2015',
213 silly addNameRange   range: '>=6.3.13 <7.0.0',
213 silly addNameRange   hasData: true }
214 silly addNameRange versions [ 'babel-preset-es2015',
214 silly addNameRange   [ '6.0.2',
214 silly addNameRange     '6.0.8',
214 silly addNameRange     '6.0.11',
214 silly addNameRange     '6.0.12',
214 silly addNameRange     '6.0.14',
214 silly addNameRange     '6.0.15',
214 silly addNameRange     '6.1.2',
214 silly addNameRange     '6.1.4',
214 silly addNameRange     '6.1.17',
214 silly addNameRange     '6.1.18',
214 silly addNameRange     '6.2.4',
214 silly addNameRange     '6.3.13' ] ]
215 silly addNamed babel-preset-es2015@6.3.13
216 verbose addNamed "6.3.13" is a plain semver version for babel-preset-es2015
217 silly cache afterAdd react-dom@0.14.6
218 verbose afterAdd /Users/ohall1/.npm/react-dom/0.14.6/package/package.json not in flight; writing
219 silly cache afterAdd babel-preset-es2015@6.3.13
220 verbose afterAdd /Users/ohall1/.npm/babel-preset-es2015/6.3.13/package/package.json not in flight; writing
221 verbose afterAdd /Users/ohall1/.npm/babel-preset-es2015/6.3.13/package/package.json written
222 verbose afterAdd /Users/ohall1/.npm/react-dom/0.14.6/package/package.json written
223 http 200 https://npme.walmart.com/babel-loader
224 verbose headers { vary: 'Accept',
224 verbose headers   server: 'CouchDB/1.6.0 (Erlang OTP/R14B04)',
224 verbose headers   etag: '"7HFMCD7RQ9SDNC0X1Z0Q2KDMB"',
224 verbose headers   date: 'Mon, 18 Jan 2016 15:39:16 GMT',
224 verbose headers   'content-type': 'application/json',
224 verbose headers   'content-length': '41610',
224 verbose headers   connection: 'keep-alive' }
225 silly get cb [ 200,
225 silly get   { vary: 'Accept',
225 silly get     server: 'CouchDB/1.6.0 (Erlang OTP/R14B04)',
225 silly get     etag: '"7HFMCD7RQ9SDNC0X1Z0Q2KDMB"',
225 silly get     date: 'Mon, 18 Jan 2016 15:39:16 GMT',
225 silly get     'content-type': 'application/json',
225 silly get     'content-length': '41610',
225 silly get     connection: 'keep-alive' } ]
226 verbose get saving babel-loader to /Users/ohall1/.npm/npme.walmart.com/babel-loader/.cache.json
227 silly addNameRange number 2 { name: 'babel-loader', range: '>=6.2.1 <7.0.0', hasData: true }
228 silly addNameRange versions [ 'babel-loader',
228 silly addNameRange   [ '4.0.0',
228 silly addNameRange     '4.1.0',
228 silly addNameRange     '4.2.0',
228 silly addNameRange     '4.3.0',
228 silly addNameRange     '5.0.0',
228 silly addNameRange     '5.1.0',
228 silly addNameRange     '5.1.2',
228 silly addNameRange     '5.1.3',
228 silly addNameRange     '5.1.4',
228 silly addNameRange     '5.2.0',
228 silly addNameRange     '5.2.1',
228 silly addNameRange     '5.2.2',
228 silly addNameRange     '5.3.0',
228 silly addNameRange     '5.3.1',
228 silly addNameRange     '5.3.2',
228 silly addNameRange     '5.3.3',
228 silly addNameRange     '6.0.0',
228 silly addNameRange     '6.0.1',
228 silly addNameRange     '6.1.0',
228 silly addNameRange     '5.4.0',
228 silly addNameRange     '6.2.0',
228 silly addNameRange     '6.2.1' ] ]
229 silly addNamed babel-loader@6.2.1
230 verbose addNamed "6.2.1" is a plain semver version for babel-loader
231 silly cache afterAdd babel-loader@6.2.1
232 verbose afterAdd /Users/ohall1/.npm/babel-loader/6.2.1/package/package.json not in flight; writing
233 verbose afterAdd /Users/ohall1/.npm/babel-loader/6.2.1/package/package.json written
234 verbose stack Error: No compatible version found: react-pong@'>=1.1.1 <2.0.0'
234 verbose stack Valid install targets:
234 verbose stack ["0.0.1","0.0.2","0.0.3","0.0.4","0.0.5","1.0.0"]
234 verbose stack
234 verbose stack     at installTargetsError (/Users/ohall1/.nvm/versions/node/v4.2.2/lib/node_modules/npm/lib/cache/add-named.js:284:12)
234 verbose stack     at next (/Users/ohall1/.nvm/versions/node/v4.2.2/lib/node_modules/npm/lib/cache/add-named.js:262:19)
234 verbose stack     at setData (/Users/ohall1/.nvm/versions/node/v4.2.2/lib/node_modules/npm/lib/cache/add-named.js:236:5)
234 verbose stack     at RES (/Users/ohall1/.nvm/versions/node/v4.2.2/lib/node_modules/npm/node_modules/inflight/inflight.js:23:14)
234 verbose stack     at f (/Users/ohall1/.nvm/versions/node/v4.2.2/lib/node_modules/npm/node_modules/once/once.js:17:25)
234 verbose stack     at fixName (/Users/ohall1/.nvm/versions/node/v4.2.2/lib/node_modules/npm/lib/cache/add-named.js:29:5)
234 verbose stack     at saved (/Users/ohall1/.nvm/versions/node/v4.2.2/lib/node_modules/npm/lib/cache/caching-client.js:173:7)
234 verbose stack     at /Users/ohall1/.nvm/versions/node/v4.2.2/lib/node_modules/npm/node_modules/graceful-fs/polyfills.js:210:7
234 verbose stack     at FSReqWrap.oncomplete (fs.js:82:15)
235 verbose cwd /Users/ohall1/Documents/projects/react-example
236 error Darwin 13.4.0
237 error argv "/Users/ohall1/.nvm/versions/node/v4.2.2/bin/node" "/Users/ohall1/.nvm/versions/node/v4.2.2/bin/npm" "i"
238 error node v4.2.2
239 error npm  v2.14.7
240 error code ETARGET
241 error notarget No compatible version found: react-pong@'>=1.1.1 <2.0.0'
241 error notarget Valid install targets:
241 error notarget ["0.0.1","0.0.2","0.0.3","0.0.4","0.0.5","1.0.0"]
241 error notarget
241 error notarget This is most likely not a problem with npm itself.
241 error notarget In most cases you or one of your dependencies are requesting
241 error notarget a package version that doesn't exist.
241 error notarget
241 error notarget It was specified as a dependency of 'react-example'
242 verbose exit [ 1, true ]
